[2024-06-20 13:50:30] development.INFO: Building...  
[2024-06-20 13:51:20] development.ERROR: Failed to compile the application. {"exception":"[object] (RuntimeException(code: 0): Failed to compile the application. at /home/justin/workspace/magewire/magento2/repos/poortman/vendor/laravel-zero/framework/src/Commands/BuildCommand.php:169)
[stacktrace]
#0 /home/justin/workspace/magewire/magento2/repos/poortman/vendor/laravel-zero/framework/src/Commands/BuildCommand.php(109): LaravelZero\\Framework\\Commands\\BuildCommand->compile()
#1 /home/justin/workspace/magewire/magento2/repos/poortman/vendor/laravel-zero/framework/src/Commands/BuildCommand.php(63): LaravelZero\\Framework\\Commands\\BuildCommand->build()
#2 /home/justin/workspace/magewire/magento2/repos/poortman/vendor/illuminate/container/BoundMethod.php(36): LaravelZero\\Framework\\Commands\\BuildCommand->handle()
#3 /home/justin/workspace/magewire/magento2/repos/poortman/vendor/illuminate/container/Util.php(41): Illuminate\\Container\\BoundMethod::Illuminate\\Container\\{closure}()
#4 /home/justin/workspace/magewire/magento2/repos/poortman/vendor/illuminate/container/BoundMethod.php(93): Illuminate\\Container\\Util::unwrapIfClosure()
#5 /home/justin/workspace/magewire/magento2/repos/poortman/vendor/illuminate/container/BoundMethod.php(35): Illuminate\\Container\\BoundMethod::callBoundMethod()
#6 /home/justin/workspace/magewire/magento2/repos/poortman/vendor/illuminate/container/Container.php(662): Illuminate\\Container\\BoundMethod::call()
#7 /home/justin/workspace/magewire/magento2/repos/poortman/vendor/illuminate/console/Command.php(213): Illuminate\\Container\\Container->call()
#8 /home/justin/workspace/magewire/magento2/repos/poortman/vendor/symfony/console/Command/Command.php(279): Illuminate\\Console\\Command->execute()
#9 /home/justin/workspace/magewire/magento2/repos/poortman/vendor/illuminate/console/Command.php(182): Symfony\\Component\\Console\\Command\\Command->run()
#10 /home/justin/workspace/magewire/magento2/repos/poortman/vendor/laravel-zero/framework/src/Commands/BuildCommand.php(71): Illuminate\\Console\\Command->run()
#11 /home/justin/workspace/magewire/magento2/repos/poortman/vendor/symfony/console/Application.php(1047): LaravelZero\\Framework\\Commands\\BuildCommand->run()
#12 /home/justin/workspace/magewire/magento2/repos/poortman/vendor/symfony/console/Application.php(316): Symfony\\Component\\Console\\Application->doRunCommand()
#13 /home/justin/workspace/magewire/magento2/repos/poortman/vendor/symfony/console/Application.php(167): Symfony\\Component\\Console\\Application->doRun()
#14 /home/justin/workspace/magewire/magento2/repos/poortman/vendor/laravel-zero/foundation/src/Illuminate/Foundation/Console/Kernel.php(196): Symfony\\Component\\Console\\Application->run()
#15 /home/justin/workspace/magewire/magento2/repos/poortman/vendor/laravel-zero/framework/src/Kernel.php(111): Illuminate\\Foundation\\Console\\Kernel->handle()
#16 /home/justin/workspace/magewire/magento2/repos/poortman/poortman(35): LaravelZero\\Framework\\Kernel->handle()
#17 {main}
"} 
[2024-06-20 13:53:26] development.ERROR: Failed to compile the application. {"exception":"[object] (RuntimeException(code: 0): Failed to compile the application. at /home/justin/workspace/magewire/magento2/repos/poortman/vendor/laravel-zero/framework/src/Commands/BuildCommand.php:169)
[stacktrace]
#0 /home/justin/workspace/magewire/magento2/repos/poortman/vendor/laravel-zero/framework/src/Commands/BuildCommand.php(109): LaravelZero\\Framework\\Commands\\BuildCommand->compile()
#1 /home/justin/workspace/magewire/magento2/repos/poortman/vendor/laravel-zero/framework/src/Commands/BuildCommand.php(63): LaravelZero\\Framework\\Commands\\BuildCommand->build()
#2 /home/justin/workspace/magewire/magento2/repos/poortman/vendor/illuminate/container/BoundMethod.php(36): LaravelZero\\Framework\\Commands\\BuildCommand->handle()
#3 /home/justin/workspace/magewire/magento2/repos/poortman/vendor/illuminate/container/Util.php(41): Illuminate\\Container\\BoundMethod::Illuminate\\Container\\{closure}()
#4 /home/justin/workspace/magewire/magento2/repos/poortman/vendor/illuminate/container/BoundMethod.php(93): Illuminate\\Container\\Util::unwrapIfClosure()
#5 /home/justin/workspace/magewire/magento2/repos/poortman/vendor/illuminate/container/BoundMethod.php(35): Illuminate\\Container\\BoundMethod::callBoundMethod()
#6 /home/justin/workspace/magewire/magento2/repos/poortman/vendor/illuminate/container/Container.php(662): Illuminate\\Container\\BoundMethod::call()
#7 /home/justin/workspace/magewire/magento2/repos/poortman/vendor/illuminate/console/Command.php(213): Illuminate\\Container\\Container->call()
#8 /home/justin/workspace/magewire/magento2/repos/poortman/vendor/symfony/console/Command/Command.php(279): Illuminate\\Console\\Command->execute()
#9 /home/justin/workspace/magewire/magento2/repos/poortman/vendor/illuminate/console/Command.php(182): Symfony\\Component\\Console\\Command\\Command->run()
#10 /home/justin/workspace/magewire/magento2/repos/poortman/vendor/laravel-zero/framework/src/Commands/BuildCommand.php(71): Illuminate\\Console\\Command->run()
#11 /home/justin/workspace/magewire/magento2/repos/poortman/vendor/symfony/console/Application.php(1047): LaravelZero\\Framework\\Commands\\BuildCommand->run()
#12 /home/justin/workspace/magewire/magento2/repos/poortman/vendor/symfony/console/Application.php(316): Symfony\\Component\\Console\\Application->doRunCommand()
#13 /home/justin/workspace/magewire/magento2/repos/poortman/vendor/symfony/console/Application.php(167): Symfony\\Component\\Console\\Application->doRun()
#14 /home/justin/workspace/magewire/magento2/repos/poortman/vendor/laravel-zero/foundation/src/Illuminate/Foundation/Console/Kernel.php(196): Symfony\\Component\\Console\\Application->run()
#15 /home/justin/workspace/magewire/magento2/repos/poortman/vendor/laravel-zero/framework/src/Kernel.php(111): Illuminate\\Foundation\\Console\\Kernel->handle()
#16 /home/justin/workspace/magewire/magento2/repos/poortman/poortman(35): LaravelZero\\Framework\\Kernel->handle()
#17 {main}
"} 
[2024-06-20 13:53:45] development.ERROR: Failed to compile the application. {"exception":"[object] (RuntimeException(code: 0): Failed to compile the application. at /home/justin/workspace/magewire/magento2/repos/poortman/vendor/laravel-zero/framework/src/Commands/BuildCommand.php:169)
[stacktrace]
#0 /home/justin/workspace/magewire/magento2/repos/poortman/vendor/laravel-zero/framework/src/Commands/BuildCommand.php(109): LaravelZero\\Framework\\Commands\\BuildCommand->compile()
#1 /home/justin/workspace/magewire/magento2/repos/poortman/vendor/laravel-zero/framework/src/Commands/BuildCommand.php(63): LaravelZero\\Framework\\Commands\\BuildCommand->build()
#2 /home/justin/workspace/magewire/magento2/repos/poortman/vendor/illuminate/container/BoundMethod.php(36): LaravelZero\\Framework\\Commands\\BuildCommand->handle()
#3 /home/justin/workspace/magewire/magento2/repos/poortman/vendor/illuminate/container/Util.php(41): Illuminate\\Container\\BoundMethod::Illuminate\\Container\\{closure}()
#4 /home/justin/workspace/magewire/magento2/repos/poortman/vendor/illuminate/container/BoundMethod.php(93): Illuminate\\Container\\Util::unwrapIfClosure()
#5 /home/justin/workspace/magewire/magento2/repos/poortman/vendor/illuminate/container/BoundMethod.php(35): Illuminate\\Container\\BoundMethod::callBoundMethod()
#6 /home/justin/workspace/magewire/magento2/repos/poortman/vendor/illuminate/container/Container.php(662): Illuminate\\Container\\BoundMethod::call()
#7 /home/justin/workspace/magewire/magento2/repos/poortman/vendor/illuminate/console/Command.php(213): Illuminate\\Container\\Container->call()
#8 /home/justin/workspace/magewire/magento2/repos/poortman/vendor/symfony/console/Command/Command.php(279): Illuminate\\Console\\Command->execute()
#9 /home/justin/workspace/magewire/magento2/repos/poortman/vendor/illuminate/console/Command.php(182): Symfony\\Component\\Console\\Command\\Command->run()
#10 /home/justin/workspace/magewire/magento2/repos/poortman/vendor/laravel-zero/framework/src/Commands/BuildCommand.php(71): Illuminate\\Console\\Command->run()
#11 /home/justin/workspace/magewire/magento2/repos/poortman/vendor/symfony/console/Application.php(1047): LaravelZero\\Framework\\Commands\\BuildCommand->run()
#12 /home/justin/workspace/magewire/magento2/repos/poortman/vendor/symfony/console/Application.php(316): Symfony\\Component\\Console\\Application->doRunCommand()
#13 /home/justin/workspace/magewire/magento2/repos/poortman/vendor/symfony/console/Application.php(167): Symfony\\Component\\Console\\Application->doRun()
#14 /home/justin/workspace/magewire/magento2/repos/poortman/vendor/laravel-zero/foundation/src/Illuminate/Foundation/Console/Kernel.php(196): Symfony\\Component\\Console\\Application->run()
#15 /home/justin/workspace/magewire/magento2/repos/poortman/vendor/laravel-zero/framework/src/Kernel.php(111): Illuminate\\Foundation\\Console\\Kernel->handle()
#16 /home/justin/workspace/magewire/magento2/repos/poortman/poortman(35): LaravelZero\\Framework\\Kernel->handle()
#17 {main}
"} 
