[2024-06-20 13:56:28] production.ERROR: file_get_contents(https://packagist.org/p2/magewirephp/poortman.json): Failed to open stream: HTTP request failed! HTTP/1.1 404 Not Found
 {"exception":"[object] (Humbug\\SelfUpdate\\Exception\\HttpRequestException(code: 0): file_get_contents(https://packagist.org/p2/magewirephp/poortman.json): Failed to open stream: HTTP request failed! HTTP/1.1 404 Not Found

 at phar:///home/justin/workspace/magewire/magento2/repos/poortman/builds/poortman/vendor/laravel-zero/phar-updater/src/Updater.php:338)
[stacktrace]
#0 [internal function]: Humbug\\SelfUpdate\\Updater->throwHttpRequestException()
#1 phar:///home/justin/workspace/magewire/magento2/repos/poortman/builds/poortman/vendor/laravel-zero/phar-updater/src/Strategy/GithubStrategy.php(94): file_get_contents()
#2 phar:///home/justin/workspace/magewire/magento2/repos/poortman/builds/poortman/vendor/laravel-zero/phar-updater/src/Updater.php(348): Humbug\\SelfUpdate\\Strategy\\GithubStrategy->getCurrentRemoteVersion()
#3 phar:///home/justin/workspace/magewire/magento2/repos/poortman/builds/poortman/vendor/laravel-zero/phar-updater/src/Updater.php(129): Humbug\\SelfUpdate\\Updater->newVersionAvailable()
#4 phar:///home/justin/workspace/magewire/magento2/repos/poortman/builds/poortman/vendor/laravel-zero/phar-updater/src/Updater.php(142): Humbug\\SelfUpdate\\Updater->hasUpdate()
#5 phar:///home/justin/workspace/magewire/magento2/repos/poortman/builds/poortman/vendor/laravel-zero/framework/src/Components/Updater/Updater.php(41): Humbug\\SelfUpdate\\Updater->update()
#6 phar:///home/justin/workspace/magewire/magento2/repos/poortman/builds/poortman/vendor/laravel-zero/framework/src/Components/Updater/SelfUpdateCommand.php(37): LaravelZero\\Framework\\Components\\Updater\\Updater->update()
#7 phar:///home/justin/workspace/magewire/magento2/repos/poortman/builds/poortman/vendor/illuminate/container/BoundMethod.php(36): LaravelZero\\Framework\\Components\\Updater\\SelfUpdateCommand->handle()
#8 phar:///home/justin/workspace/magewire/magento2/repos/poortman/builds/poortman/vendor/illuminate/container/Util.php(41): Illuminate\\Container\\BoundMethod::Illuminate\\Container\\{closure}()
#9 phar:///home/justin/workspace/magewire/magento2/repos/poortman/builds/poortman/vendor/illuminate/container/BoundMethod.php(93): Illuminate\\Container\\Util::unwrapIfClosure()
#10 phar:///home/justin/workspace/magewire/magento2/repos/poortman/builds/poortman/vendor/illuminate/container/BoundMethod.php(35): Illuminate\\Container\\BoundMethod::callBoundMethod()
#11 phar:///home/justin/workspace/magewire/magento2/repos/poortman/builds/poortman/vendor/illuminate/container/Container.php(662): Illuminate\\Container\\BoundMethod::call()
#12 phar:///home/justin/workspace/magewire/magento2/repos/poortman/builds/poortman/vendor/illuminate/console/Command.php(213): Illuminate\\Container\\Container->call()
#13 phar:///home/justin/workspace/magewire/magento2/repos/poortman/builds/poortman/vendor/symfony/console/Command/Command.php(279): Illuminate\\Console\\Command->execute()
#14 phar:///home/justin/workspace/magewire/magento2/repos/poortman/builds/poortman/vendor/illuminate/console/Command.php(182): Symfony\\Component\\Console\\Command\\Command->run()
#15 phar:///home/justin/workspace/magewire/magento2/repos/poortman/builds/poortman/vendor/symfony/console/Application.php(1047): Illuminate\\Console\\Command->run()
#16 phar:///home/justin/workspace/magewire/magento2/repos/poortman/builds/poortman/vendor/symfony/console/Application.php(316): Symfony\\Component\\Console\\Application->doRunCommand()
#17 phar:///home/justin/workspace/magewire/magento2/repos/poortman/builds/poortman/vendor/symfony/console/Application.php(167): Symfony\\Component\\Console\\Application->doRun()
#18 phar:///home/justin/workspace/magewire/magento2/repos/poortman/builds/poortman/vendor/laravel-zero/foundation/src/Illuminate/Foundation/Console/Kernel.php(196): Symfony\\Component\\Console\\Application->run()
#19 phar:///home/justin/workspace/magewire/magento2/repos/poortman/builds/poortman/vendor/laravel-zero/framework/src/Kernel.php(111): Illuminate\\Foundation\\Console\\Kernel->handle()
#20 phar:///home/justin/workspace/magewire/magento2/repos/poortman/builds/poortman/poortman(34): LaravelZero\\Framework\\Kernel->handle()
#21 /home/justin/workspace/magewire/magento2/repos/poortman/builds/poortman(15): require('...')
#22 {main}
"} 
